2016-11-25 12:26:20,922 - Log4JLogChute initialized using file 'velocity.log'
2016-11-25 12:26:20,922 - The version of log4j being used does not support the "trace" level.
2016-11-25 12:26:20,922 - Initializing Velocity, Calling init()...
2016-11-25 12:26:20,922 - *******************************************************************
2016-11-25 12:26:20,922 - Starting Apache Velocity v1.7 (compiled: 2010-11-19 12:14:37)
2016-11-25 12:26:20,922 - RuntimeInstance initializing.
2016-11-25 12:26:20,922 - Default Properties File: org/apache/velocity/runtime/defaults/velocity.properties
2016-11-25 12:26:20,922 - Trying to use logger class org.apache.velocity.runtime.log.AvalonLogChute
2016-11-25 12:26:20,922 - Target log system for org.apache.velocity.runtime.log.AvalonLogChute is not available (java.lang.NoClassDefFoundError: org/apache/log/format/Formatter).  Falling back to next log system...
2016-11-25 12:26:20,922 - Trying to use logger class org.apache.velocity.runtime.log.Log4JLogChute
2016-11-25 12:26:20,922 - Using logger class org.apache.velocity.runtime.log.Log4JLogChute
2016-11-25 12:26:20,922 - Default ResourceManager initializing. (class org.apache.velocity.runtime.resource.ResourceManagerImpl)
2016-11-25 12:26:20,923 - ResourceLoader instantiated: org.apache.velocity.runtime.resource.loader.ClasspathResourceLoader
2016-11-25 12:26:20,923 - ClasspathResourceLoader : initialization complete.
2016-11-25 12:26:20,923 - ResourceCache: initialized (class org.apache.velocity.runtime.resource.ResourceCacheImpl) with class java.util.Collections$SynchronizedMap cache map.
2016-11-25 12:26:20,923 - Default ResourceManager initialization complete.
2016-11-25 12:26:20,923 - Loaded System Directive: org.apache.velocity.runtime.directive.Stop
2016-11-25 12:26:20,923 - Loaded System Directive: org.apache.velocity.runtime.directive.Define
2016-11-25 12:26:20,923 - Loaded System Directive: org.apache.velocity.runtime.directive.Break
2016-11-25 12:26:20,923 - Loaded System Directive: org.apache.velocity.runtime.directive.Evaluate
2016-11-25 12:26:20,923 - Loaded System Directive: org.apache.velocity.runtime.directive.Literal
2016-11-25 12:26:20,923 - Loaded System Directive: org.apache.velocity.runtime.directive.Macro
2016-11-25 12:26:20,923 - Loaded System Directive: org.apache.velocity.runtime.directive.Parse
2016-11-25 12:26:20,923 - Loaded System Directive: org.apache.velocity.runtime.directive.Include
2016-11-25 12:26:20,923 - Loaded System Directive: org.apache.velocity.runtime.directive.Foreach
2016-11-25 12:26:20,925 - Created '20' parsers.
2016-11-25 12:26:20,925 - Velocimacro : initialization starting.
2016-11-25 12:26:20,925 - Velocimacro : "velocimacro.library" is not set.  Trying default library: VM_global_library.vm
2016-11-25 12:26:20,925 - Could not load resource 'VM_global_library.vm' from ResourceLoader org.apache.velocity.runtime.resource.loader.ClasspathResourceLoader: ClasspathResourceLoader Error: cannot find resource VM_global_library.vm
2016-11-25 12:26:20,925 - Velocimacro : Default library not found.
2016-11-25 12:26:20,926 - Velocimacro : allowInline = true : VMs can be defined inline in templates
2016-11-25 12:26:20,926 - Velocimacro : allowInlineToOverride = false : VMs defined inline may NOT replace previous VM definitions
2016-11-25 12:26:20,926 - Velocimacro : allowInlineLocal = false : VMs defined inline will be global in scope if allowed.
2016-11-25 12:26:20,926 - Velocimacro : autoload off : VM system will not automatically reload global library macros
2016-11-25 12:26:20,926 - Velocimacro : Velocimacro : initialization complete.
2016-11-25 12:26:20,926 - RuntimeInstance successfully initialized.
2016-11-25 12:26:20,926 - ResourceManager : found mailTemplates/register.vm with loader org.apache.velocity.runtime.resource.loader.ClasspathResourceLoader
2016-11-25 16:32:01,794 - Log4JLogChute initialized using file 'velocity.log'
2016-11-25 16:32:01,830 - The version of log4j being used does not support the "trace" level.
2016-11-25 16:32:01,830 - Initializing Velocity, Calling init()...
2016-11-25 16:32:01,830 - *******************************************************************
2016-11-25 16:32:01,830 - Starting Apache Velocity v1.7 (compiled: 2010-11-19 12:14:37)
2016-11-25 16:32:01,830 - RuntimeInstance initializing.
2016-11-25 16:32:01,830 - Default Properties File: org/apache/velocity/runtime/defaults/velocity.properties
2016-11-25 16:32:01,830 - Trying to use logger class org.apache.velocity.runtime.log.AvalonLogChute
2016-11-25 16:32:01,830 - Target log system for org.apache.velocity.runtime.log.AvalonLogChute is not available (java.lang.NoClassDefFoundError: org/apache/log/format/Formatter).  Falling back to next log system...
2016-11-25 16:32:01,830 - Trying to use logger class org.apache.velocity.runtime.log.Log4JLogChute
2016-11-25 16:32:01,830 - Using logger class org.apache.velocity.runtime.log.Log4JLogChute
2016-11-25 16:32:01,830 - Default ResourceManager initializing. (class org.apache.velocity.runtime.resource.ResourceManagerImpl)
2016-11-25 16:32:01,830 - ResourceLoader instantiated: org.apache.velocity.runtime.resource.loader.ClasspathResourceLoader
2016-11-25 16:32:01,830 - ClasspathResourceLoader : initialization complete.
2016-11-25 16:32:01,830 - ResourceCache: initialized (class org.apache.velocity.runtime.resource.ResourceCacheImpl) with class java.util.Collections$SynchronizedMap cache map.
2016-11-25 16:32:01,830 - Default ResourceManager initialization complete.
2016-11-25 16:32:01,831 - Loaded System Directive: org.apache.velocity.runtime.directive.Stop
2016-11-25 16:32:01,831 - Loaded System Directive: org.apache.velocity.runtime.directive.Define
2016-11-25 16:32:01,831 - Loaded System Directive: org.apache.velocity.runtime.directive.Break
2016-11-25 16:32:01,831 - Loaded System Directive: org.apache.velocity.runtime.directive.Evaluate
2016-11-25 16:32:01,831 - Loaded System Directive: org.apache.velocity.runtime.directive.Literal
2016-11-25 16:32:01,831 - Loaded System Directive: org.apache.velocity.runtime.directive.Macro
2016-11-25 16:32:01,831 - Loaded System Directive: org.apache.velocity.runtime.directive.Parse
2016-11-25 16:32:01,831 - Loaded System Directive: org.apache.velocity.runtime.directive.Include
2016-11-25 16:32:01,831 - Loaded System Directive: org.apache.velocity.runtime.directive.Foreach
2016-11-25 16:32:01,832 - Created '20' parsers.
2016-11-25 16:32:01,832 - Velocimacro : initialization starting.
2016-11-25 16:32:01,832 - Velocimacro : "velocimacro.library" is not set.  Trying default library: VM_global_library.vm
2016-11-25 16:32:01,832 - Could not load resource 'VM_global_library.vm' from ResourceLoader org.apache.velocity.runtime.resource.loader.ClasspathResourceLoader: ClasspathResourceLoader Error: cannot find resource VM_global_library.vm
2016-11-25 16:32:01,832 - Velocimacro : Default library not found.
2016-11-25 16:32:01,832 - Velocimacro : allowInline = true : VMs can be defined inline in templates
2016-11-25 16:32:01,832 - Velocimacro : allowInlineToOverride = false : VMs defined inline may NOT replace previous VM definitions
2016-11-25 16:32:01,832 - Velocimacro : allowInlineLocal = false : VMs defined inline will be global in scope if allowed.
2016-11-25 16:32:01,832 - Velocimacro : autoload off : VM system will not automatically reload global library macros
2016-11-25 16:32:01,832 - Velocimacro : Velocimacro : initialization complete.
2016-11-25 16:32:01,832 - RuntimeInstance successfully initialized.
2016-11-25 16:32:01,833 - ResourceManager : found mailTemplates/resetPassword.vm with loader org.apache.velocity.runtime.resource.loader.ClasspathResourceLoader
2016-11-25 16:34:33,863 - ResourceManager : found mailTemplates/resetPassword.vm with loader org.apache.velocity.runtime.resource.loader.ClasspathResourceLoader
2016-11-25 16:42:54,284 - Log4JLogChute initialized using file 'velocity.log'
2016-11-25 16:42:54,284 - Log4JLogChute initialized using file 'velocity.log'
2016-11-25 16:42:54,292 - The version of log4j being used does not support the "trace" level.
2016-11-25 16:42:54,292 - The version of log4j being used does not support the "trace" level.
2016-11-25 16:42:54,292 - Initializing Velocity, Calling init()...
2016-11-25 16:42:54,292 - Initializing Velocity, Calling init()...
2016-11-25 16:42:54,292 - *******************************************************************
2016-11-25 16:42:54,292 - *******************************************************************
2016-11-25 16:42:54,292 - Starting Apache Velocity v1.7 (compiled: 2010-11-19 12:14:37)
2016-11-25 16:42:54,292 - Starting Apache Velocity v1.7 (compiled: 2010-11-19 12:14:37)
2016-11-25 16:42:54,292 - RuntimeInstance initializing.
2016-11-25 16:42:54,292 - RuntimeInstance initializing.
2016-11-25 16:42:54,293 - Default Properties File: org/apache/velocity/runtime/defaults/velocity.properties
2016-11-25 16:42:54,293 - Default Properties File: org/apache/velocity/runtime/defaults/velocity.properties
2016-11-25 16:42:54,293 - Trying to use logger class org.apache.velocity.runtime.log.AvalonLogChute
2016-11-25 16:42:54,293 - Trying to use logger class org.apache.velocity.runtime.log.AvalonLogChute
2016-11-25 16:42:54,293 - Target log system for org.apache.velocity.runtime.log.AvalonLogChute is not available (java.lang.NoClassDefFoundError: org/apache/log/format/Formatter).  Falling back to next log system...
2016-11-25 16:42:54,293 - Target log system for org.apache.velocity.runtime.log.AvalonLogChute is not available (java.lang.NoClassDefFoundError: org/apache/log/format/Formatter).  Falling back to next log system...
2016-11-25 16:42:54,293 - Trying to use logger class org.apache.velocity.runtime.log.Log4JLogChute
2016-11-25 16:42:54,293 - Trying to use logger class org.apache.velocity.runtime.log.Log4JLogChute
2016-11-25 16:42:54,293 - Using logger class org.apache.velocity.runtime.log.Log4JLogChute
2016-11-25 16:42:54,293 - Using logger class org.apache.velocity.runtime.log.Log4JLogChute
2016-11-25 16:42:54,293 - Default ResourceManager initializing. (class org.apache.velocity.runtime.resource.ResourceManagerImpl)
2016-11-25 16:42:54,293 - Default ResourceManager initializing. (class org.apache.velocity.runtime.resource.ResourceManagerImpl)
2016-11-25 16:42:54,293 - ResourceLoader instantiated: org.apache.velocity.runtime.resource.loader.ClasspathResourceLoader
2016-11-25 16:42:54,293 - ResourceLoader instantiated: org.apache.velocity.runtime.resource.loader.ClasspathResourceLoader
2016-11-25 16:42:54,293 - ClasspathResourceLoader : initialization complete.
2016-11-25 16:42:54,293 - ClasspathResourceLoader : initialization complete.
2016-11-25 16:42:54,293 - ResourceCache: initialized (class org.apache.velocity.runtime.resource.ResourceCacheImpl) with class java.util.Collections$SynchronizedMap cache map.
2016-11-25 16:42:54,293 - ResourceCache: initialized (class org.apache.velocity.runtime.resource.ResourceCacheImpl) with class java.util.Collections$SynchronizedMap cache map.
2016-11-25 16:42:54,293 - Default ResourceManager initialization complete.
2016-11-25 16:42:54,293 - Default ResourceManager initialization complete.
2016-11-25 16:42:54,294 - Loaded System Directive: org.apache.velocity.runtime.directive.Stop
2016-11-25 16:42:54,294 - Loaded System Directive: org.apache.velocity.runtime.directive.Stop
2016-11-25 16:42:54,294 - Loaded System Directive: org.apache.velocity.runtime.directive.Define
2016-11-25 16:42:54,294 - Loaded System Directive: org.apache.velocity.runtime.directive.Define
2016-11-25 16:42:54,294 - Loaded System Directive: org.apache.velocity.runtime.directive.Break
2016-11-25 16:42:54,294 - Loaded System Directive: org.apache.velocity.runtime.directive.Break
2016-11-25 16:42:54,294 - Loaded System Directive: org.apache.velocity.runtime.directive.Evaluate
2016-11-25 16:42:54,294 - Loaded System Directive: org.apache.velocity.runtime.directive.Evaluate
2016-11-25 16:42:54,294 - Loaded System Directive: org.apache.velocity.runtime.directive.Literal
2016-11-25 16:42:54,294 - Loaded System Directive: org.apache.velocity.runtime.directive.Literal
2016-11-25 16:42:54,294 - Loaded System Directive: org.apache.velocity.runtime.directive.Macro
2016-11-25 16:42:54,294 - Loaded System Directive: org.apache.velocity.runtime.directive.Macro
2016-11-25 16:42:54,294 - Loaded System Directive: org.apache.velocity.runtime.directive.Parse
2016-11-25 16:42:54,294 - Loaded System Directive: org.apache.velocity.runtime.directive.Parse
2016-11-25 16:42:54,294 - Loaded System Directive: org.apache.velocity.runtime.directive.Include
2016-11-25 16:42:54,294 - Loaded System Directive: org.apache.velocity.runtime.directive.Include
2016-11-25 16:42:54,294 - Loaded System Directive: org.apache.velocity.runtime.directive.Foreach
2016-11-25 16:42:54,294 - Loaded System Directive: org.apache.velocity.runtime.directive.Foreach
2016-11-25 16:42:54,294 - Created '20' parsers.
2016-11-25 16:42:54,294 - Created '20' parsers.
2016-11-25 16:42:54,294 - Velocimacro : initialization starting.
2016-11-25 16:42:54,294 - Velocimacro : initialization starting.
2016-11-25 16:42:54,295 - Velocimacro : "velocimacro.library" is not set.  Trying default library: VM_global_library.vm
2016-11-25 16:42:54,295 - Velocimacro : "velocimacro.library" is not set.  Trying default library: VM_global_library.vm
2016-11-25 16:42:54,297 - Could not load resource 'VM_global_library.vm' from ResourceLoader org.apache.velocity.runtime.resource.loader.ClasspathResourceLoader: ClasspathResourceLoader Error: cannot find resource VM_global_library.vm
2016-11-25 16:42:54,297 - Could not load resource 'VM_global_library.vm' from ResourceLoader org.apache.velocity.runtime.resource.loader.ClasspathResourceLoader: ClasspathResourceLoader Error: cannot find resource VM_global_library.vm
2016-11-25 16:42:54,297 - Velocimacro : Default library not found.
2016-11-25 16:42:54,297 - Velocimacro : Default library not found.
2016-11-25 16:42:54,297 - Velocimacro : allowInline = true : VMs can be defined inline in templates
2016-11-25 16:42:54,297 - Velocimacro : allowInline = true : VMs can be defined inline in templates
2016-11-25 16:42:54,297 - Velocimacro : allowInlineToOverride = false : VMs defined inline may NOT replace previous VM definitions
2016-11-25 16:42:54,297 - Velocimacro : allowInlineToOverride = false : VMs defined inline may NOT replace previous VM definitions
2016-11-25 16:42:54,297 - Velocimacro : allowInlineLocal = false : VMs defined inline will be global in scope if allowed.
2016-11-25 16:42:54,297 - Velocimacro : allowInlineLocal = false : VMs defined inline will be global in scope if allowed.
2016-11-25 16:42:54,297 - Velocimacro : autoload off : VM system will not automatically reload global library macros
2016-11-25 16:42:54,297 - Velocimacro : autoload off : VM system will not automatically reload global library macros
2016-11-25 16:42:54,297 - Velocimacro : Velocimacro : initialization complete.
2016-11-25 16:42:54,297 - Velocimacro : Velocimacro : initialization complete.
2016-11-25 16:42:54,297 - RuntimeInstance successfully initialized.
2016-11-25 16:42:54,297 - RuntimeInstance successfully initialized.
2016-11-25 16:42:54,298 - ResourceManager : unable to find resource 'mailTemplates/resetPassword.vm' in any resource loader.
2016-11-25 16:42:54,298 - ResourceManager : unable to find resource 'mailTemplates/resetPassword.vm' in any resource loader.
2016-11-25 16:45:16,549 - Log4JLogChute initialized using file 'velocity.log'
2016-11-25 16:45:16,549 - Log4JLogChute initialized using file 'velocity.log'
2016-11-25 16:45:16,550 - The version of log4j being used does not support the "trace" level.
2016-11-25 16:45:16,550 - The version of log4j being used does not support the "trace" level.
2016-11-25 16:45:16,550 - Initializing Velocity, Calling init()...
2016-11-25 16:45:16,550 - Initializing Velocity, Calling init()...
2016-11-25 16:45:16,550 - *******************************************************************
2016-11-25 16:45:16,550 - *******************************************************************
2016-11-25 16:45:16,550 - Starting Apache Velocity v1.7 (compiled: 2010-11-19 12:14:37)
2016-11-25 16:45:16,550 - Starting Apache Velocity v1.7 (compiled: 2010-11-19 12:14:37)
2016-11-25 16:45:16,550 - RuntimeInstance initializing.
2016-11-25 16:45:16,550 - RuntimeInstance initializing.
2016-11-25 16:45:16,550 - Default Properties File: org/apache/velocity/runtime/defaults/velocity.properties
2016-11-25 16:45:16,550 - Default Properties File: org/apache/velocity/runtime/defaults/velocity.properties
2016-11-25 16:45:16,550 - Trying to use logger class org.apache.velocity.runtime.log.AvalonLogChute
2016-11-25 16:45:16,550 - Trying to use logger class org.apache.velocity.runtime.log.AvalonLogChute
2016-11-25 16:45:16,550 - Target log system for org.apache.velocity.runtime.log.AvalonLogChute is not available (java.lang.NoClassDefFoundError: org/apache/log/format/Formatter).  Falling back to next log system...
2016-11-25 16:45:16,550 - Target log system for org.apache.velocity.runtime.log.AvalonLogChute is not available (java.lang.NoClassDefFoundError: org/apache/log/format/Formatter).  Falling back to next log system...
2016-11-25 16:45:16,550 - Trying to use logger class org.apache.velocity.runtime.log.Log4JLogChute
2016-11-25 16:45:16,550 - Trying to use logger class org.apache.velocity.runtime.log.Log4JLogChute
2016-11-25 16:45:16,550 - Using logger class org.apache.velocity.runtime.log.Log4JLogChute
2016-11-25 16:45:16,550 - Using logger class org.apache.velocity.runtime.log.Log4JLogChute
2016-11-25 16:45:16,550 - Default ResourceManager initializing. (class org.apache.velocity.runtime.resource.ResourceManagerImpl)
2016-11-25 16:45:16,550 - Default ResourceManager initializing. (class org.apache.velocity.runtime.resource.ResourceManagerImpl)
2016-11-25 16:45:16,550 - ResourceLoader instantiated: org.apache.velocity.runtime.resource.loader.ClasspathResourceLoader
2016-11-25 16:45:16,550 - ResourceLoader instantiated: org.apache.velocity.runtime.resource.loader.ClasspathResourceLoader
2016-11-25 16:45:16,550 - ClasspathResourceLoader : initialization complete.
2016-11-25 16:45:16,550 - ClasspathResourceLoader : initialization complete.
2016-11-25 16:45:16,550 - ResourceCache: initialized (class org.apache.velocity.runtime.resource.ResourceCacheImpl) with class java.util.Collections$SynchronizedMap cache map.
2016-11-25 16:45:16,550 - ResourceCache: initialized (class org.apache.velocity.runtime.resource.ResourceCacheImpl) with class java.util.Collections$SynchronizedMap cache map.
2016-11-25 16:45:16,550 - Default ResourceManager initialization complete.
2016-11-25 16:45:16,550 - Default ResourceManager initialization complete.
2016-11-25 16:45:16,550 - Loaded System Directive: org.apache.velocity.runtime.directive.Stop
2016-11-25 16:45:16,550 - Loaded System Directive: org.apache.velocity.runtime.directive.Stop
2016-11-25 16:45:16,550 - Loaded System Directive: org.apache.velocity.runtime.directive.Define
2016-11-25 16:45:16,550 - Loaded System Directive: org.apache.velocity.runtime.directive.Define
2016-11-25 16:45:16,550 - Loaded System Directive: org.apache.velocity.runtime.directive.Break
2016-11-25 16:45:16,550 - Loaded System Directive: org.apache.velocity.runtime.directive.Break
2016-11-25 16:45:16,550 - Loaded System Directive: org.apache.velocity.runtime.directive.Evaluate
2016-11-25 16:45:16,550 - Loaded System Directive: org.apache.velocity.runtime.directive.Evaluate
2016-11-25 16:45:16,550 - Loaded System Directive: org.apache.velocity.runtime.directive.Literal
2016-11-25 16:45:16,550 - Loaded System Directive: org.apache.velocity.runtime.directive.Literal
2016-11-25 16:45:16,550 - Loaded System Directive: org.apache.velocity.runtime.directive.Macro
2016-11-25 16:45:16,550 - Loaded System Directive: org.apache.velocity.runtime.directive.Macro
2016-11-25 16:45:16,550 - Loaded System Directive: org.apache.velocity.runtime.directive.Parse
2016-11-25 16:45:16,550 - Loaded System Directive: org.apache.velocity.runtime.directive.Parse
2016-11-25 16:45:16,550 - Loaded System Directive: org.apache.velocity.runtime.directive.Include
2016-11-25 16:45:16,550 - Loaded System Directive: org.apache.velocity.runtime.directive.Include
2016-11-25 16:45:16,550 - Loaded System Directive: org.apache.velocity.runtime.directive.Foreach
2016-11-25 16:45:16,550 - Loaded System Directive: org.apache.velocity.runtime.directive.Foreach
2016-11-25 16:45:16,551 - Created '20' parsers.
2016-11-25 16:45:16,551 - Created '20' parsers.
2016-11-25 16:45:16,551 - Velocimacro : initialization starting.
2016-11-25 16:45:16,551 - Velocimacro : initialization starting.
2016-11-25 16:45:16,551 - Velocimacro : "velocimacro.library" is not set.  Trying default library: VM_global_library.vm
2016-11-25 16:45:16,551 - Velocimacro : "velocimacro.library" is not set.  Trying default library: VM_global_library.vm
2016-11-25 16:45:16,552 - Could not load resource 'VM_global_library.vm' from ResourceLoader org.apache.velocity.runtime.resource.loader.ClasspathResourceLoader: ClasspathResourceLoader Error: cannot find resource VM_global_library.vm
2016-11-25 16:45:16,552 - Could not load resource 'VM_global_library.vm' from ResourceLoader org.apache.velocity.runtime.resource.loader.ClasspathResourceLoader: ClasspathResourceLoader Error: cannot find resource VM_global_library.vm
2016-11-25 16:45:16,552 - Velocimacro : Default library not found.
2016-11-25 16:45:16,552 - Velocimacro : Default library not found.
2016-11-25 16:45:16,552 - Velocimacro : allowInline = true : VMs can be defined inline in templates
2016-11-25 16:45:16,552 - Velocimacro : allowInline = true : VMs can be defined inline in templates
2016-11-25 16:45:16,552 - Velocimacro : allowInlineToOverride = false : VMs defined inline may NOT replace previous VM definitions
2016-11-25 16:45:16,552 - Velocimacro : allowInlineToOverride = false : VMs defined inline may NOT replace previous VM definitions
2016-11-25 16:45:16,552 - Velocimacro : allowInlineLocal = false : VMs defined inline will be global in scope if allowed.
2016-11-25 16:45:16,552 - Velocimacro : allowInlineLocal = false : VMs defined inline will be global in scope if allowed.
2016-11-25 16:45:16,552 - Velocimacro : autoload off : VM system will not automatically reload global library macros
2016-11-25 16:45:16,552 - Velocimacro : autoload off : VM system will not automatically reload global library macros
2016-11-25 16:45:16,552 - Velocimacro : Velocimacro : initialization complete.
2016-11-25 16:45:16,552 - Velocimacro : Velocimacro : initialization complete.
2016-11-25 16:45:16,552 - RuntimeInstance successfully initialized.
2016-11-25 16:45:16,552 - RuntimeInstance successfully initialized.
2016-11-25 16:45:16,552 - ResourceManager : unable to find resource 'mailTemplates/resetPassword.vm' in any resource loader.
2016-11-25 16:45:16,552 - ResourceManager : unable to find resource 'mailTemplates/resetPassword.vm' in any resource loader.
2016-11-25 16:46:14,378 - Log4JLogChute initialized using file 'velocity.log'
2016-11-25 16:46:14,378 - Log4JLogChute initialized using file 'velocity.log'
2016-11-25 16:46:14,379 - The version of log4j being used does not support the "trace" level.
2016-11-25 16:46:14,379 - The version of log4j being used does not support the "trace" level.
2016-11-25 16:46:14,380 - Initializing Velocity, Calling init()...
2016-11-25 16:46:14,380 - Initializing Velocity, Calling init()...
2016-11-25 16:46:14,380 - *******************************************************************
2016-11-25 16:46:14,380 - *******************************************************************
2016-11-25 16:46:14,380 - Starting Apache Velocity v1.7 (compiled: 2010-11-19 12:14:37)
2016-11-25 16:46:14,380 - Starting Apache Velocity v1.7 (compiled: 2010-11-19 12:14:37)
2016-11-25 16:46:14,380 - RuntimeInstance initializing.
2016-11-25 16:46:14,380 - RuntimeInstance initializing.
2016-11-25 16:46:14,380 - Default Properties File: org/apache/velocity/runtime/defaults/velocity.properties
2016-11-25 16:46:14,380 - Default Properties File: org/apache/velocity/runtime/defaults/velocity.properties
2016-11-25 16:46:14,380 - Trying to use logger class org.apache.velocity.runtime.log.AvalonLogChute
2016-11-25 16:46:14,380 - Trying to use logger class org.apache.velocity.runtime.log.AvalonLogChute
2016-11-25 16:46:14,380 - Target log system for org.apache.velocity.runtime.log.AvalonLogChute is not available (java.lang.NoClassDefFoundError: org/apache/log/format/Formatter).  Falling back to next log system...
2016-11-25 16:46:14,380 - Target log system for org.apache.velocity.runtime.log.AvalonLogChute is not available (java.lang.NoClassDefFoundError: org/apache/log/format/Formatter).  Falling back to next log system...
2016-11-25 16:46:14,380 - Trying to use logger class org.apache.velocity.runtime.log.Log4JLogChute
2016-11-25 16:46:14,380 - Trying to use logger class org.apache.velocity.runtime.log.Log4JLogChute
2016-11-25 16:46:14,380 - Using logger class org.apache.velocity.runtime.log.Log4JLogChute
2016-11-25 16:46:14,380 - Using logger class org.apache.velocity.runtime.log.Log4JLogChute
2016-11-25 16:46:14,380 - Default ResourceManager initializing. (class org.apache.velocity.runtime.resource.ResourceManagerImpl)
2016-11-25 16:46:14,380 - Default ResourceManager initializing. (class org.apache.velocity.runtime.resource.ResourceManagerImpl)
2016-11-25 16:46:14,380 - ResourceLoader instantiated: org.apache.velocity.runtime.resource.loader.ClasspathResourceLoader
2016-11-25 16:46:14,380 - ResourceLoader instantiated: org.apache.velocity.runtime.resource.loader.ClasspathResourceLoader
2016-11-25 16:46:14,380 - ClasspathResourceLoader : initialization complete.
2016-11-25 16:46:14,380 - ClasspathResourceLoader : initialization complete.
2016-11-25 16:46:14,380 - ResourceCache: initialized (class org.apache.velocity.runtime.resource.ResourceCacheImpl) with class java.util.Collections$SynchronizedMap cache map.
2016-11-25 16:46:14,380 - ResourceCache: initialized (class org.apache.velocity.runtime.resource.ResourceCacheImpl) with class java.util.Collections$SynchronizedMap cache map.
2016-11-25 16:46:14,380 - Default ResourceManager initialization complete.
2016-11-25 16:46:14,380 - Default ResourceManager initialization complete.
2016-11-25 16:46:14,380 - Loaded System Directive: org.apache.velocity.runtime.directive.Stop
2016-11-25 16:46:14,380 - Loaded System Directive: org.apache.velocity.runtime.directive.Stop
2016-11-25 16:46:14,380 - Loaded System Directive: org.apache.velocity.runtime.directive.Define
2016-11-25 16:46:14,380 - Loaded System Directive: org.apache.velocity.runtime.directive.Define
2016-11-25 16:46:14,380 - Loaded System Directive: org.apache.velocity.runtime.directive.Break
2016-11-25 16:46:14,380 - Loaded System Directive: org.apache.velocity.runtime.directive.Break
2016-11-25 16:46:14,380 - Loaded System Directive: org.apache.velocity.runtime.directive.Evaluate
2016-11-25 16:46:14,380 - Loaded System Directive: org.apache.velocity.runtime.directive.Evaluate
2016-11-25 16:46:14,380 - Loaded System Directive: org.apache.velocity.runtime.directive.Literal
2016-11-25 16:46:14,380 - Loaded System Directive: org.apache.velocity.runtime.directive.Literal
2016-11-25 16:46:14,380 - Loaded System Directive: org.apache.velocity.runtime.directive.Macro
2016-11-25 16:46:14,380 - Loaded System Directive: org.apache.velocity.runtime.directive.Macro
2016-11-25 16:46:14,380 - Loaded System Directive: org.apache.velocity.runtime.directive.Parse
2016-11-25 16:46:14,380 - Loaded System Directive: org.apache.velocity.runtime.directive.Parse
2016-11-25 16:46:14,380 - Loaded System Directive: org.apache.velocity.runtime.directive.Include
2016-11-25 16:46:14,380 - Loaded System Directive: org.apache.velocity.runtime.directive.Include
2016-11-25 16:46:14,380 - Loaded System Directive: org.apache.velocity.runtime.directive.Foreach
2016-11-25 16:46:14,380 - Loaded System Directive: org.apache.velocity.runtime.directive.Foreach
2016-11-25 16:46:14,388 - Created '20' parsers.
2016-11-25 16:46:14,388 - Created '20' parsers.
2016-11-25 16:46:14,388 - Velocimacro : initialization starting.
2016-11-25 16:46:14,388 - Velocimacro : initialization starting.
2016-11-25 16:46:14,388 - Velocimacro : "velocimacro.library" is not set.  Trying default library: VM_global_library.vm
2016-11-25 16:46:14,388 - Velocimacro : "velocimacro.library" is not set.  Trying default library: VM_global_library.vm
2016-11-25 16:46:14,389 - Could not load resource 'VM_global_library.vm' from ResourceLoader org.apache.velocity.runtime.resource.loader.ClasspathResourceLoader: ClasspathResourceLoader Error: cannot find resource VM_global_library.vm
2016-11-25 16:46:14,389 - Could not load resource 'VM_global_library.vm' from ResourceLoader org.apache.velocity.runtime.resource.loader.ClasspathResourceLoader: ClasspathResourceLoader Error: cannot find resource VM_global_library.vm
2016-11-25 16:46:14,389 - Velocimacro : Default library not found.
2016-11-25 16:46:14,389 - Velocimacro : Default library not found.
2016-11-25 16:46:14,389 - Velocimacro : allowInline = true : VMs can be defined inline in templates
2016-11-25 16:46:14,389 - Velocimacro : allowInline = true : VMs can be defined inline in templates
2016-11-25 16:46:14,389 - Velocimacro : allowInlineToOverride = false : VMs defined inline may NOT replace previous VM definitions
2016-11-25 16:46:14,389 - Velocimacro : allowInlineToOverride = false : VMs defined inline may NOT replace previous VM definitions
2016-11-25 16:46:14,389 - Velocimacro : allowInlineLocal = false : VMs defined inline will be global in scope if allowed.
2016-11-25 16:46:14,389 - Velocimacro : allowInlineLocal = false : VMs defined inline will be global in scope if allowed.
2016-11-25 16:46:14,389 - Velocimacro : autoload off : VM system will not automatically reload global library macros
2016-11-25 16:46:14,389 - Velocimacro : autoload off : VM system will not automatically reload global library macros
2016-11-25 16:46:14,389 - Velocimacro : Velocimacro : initialization complete.
2016-11-25 16:46:14,389 - Velocimacro : Velocimacro : initialization complete.
2016-11-25 16:46:14,389 - RuntimeInstance successfully initialized.
2016-11-25 16:46:14,389 - RuntimeInstance successfully initialized.
2016-11-25 16:46:14,390 - ResourceManager : found mailTemplates/recover.vm with loader org.apache.velocity.runtime.resource.loader.ClasspathResourceLoader
2016-11-25 16:46:14,390 - ResourceManager : found mailTemplates/recover.vm with loader org.apache.velocity.runtime.resource.loader.ClasspathResourceLoader
2016-12-06 18:09:03,842 - Log4JLogChute initialized using file 'velocity.log'
2016-12-06 18:09:03,856 - The version of log4j being used does not support the "trace" level.
2016-12-06 18:09:03,856 - Initializing Velocity, Calling init()...
2016-12-06 18:09:03,856 - *******************************************************************
2016-12-06 18:09:03,856 - Starting Apache Velocity v1.7 (compiled: 2010-11-19 12:14:37)
2016-12-06 18:09:03,856 - RuntimeInstance initializing.
2016-12-06 18:09:03,856 - Default Properties File: org/apache/velocity/runtime/defaults/velocity.properties
2016-12-06 18:09:03,856 - Trying to use logger class org.apache.velocity.runtime.log.AvalonLogChute
2016-12-06 18:09:03,856 - Target log system for org.apache.velocity.runtime.log.AvalonLogChute is not available (java.lang.NoClassDefFoundError: org/apache/log/format/Formatter).  Falling back to next log system...
2016-12-06 18:09:03,856 - Trying to use logger class org.apache.velocity.runtime.log.Log4JLogChute
2016-12-06 18:09:03,857 - Using logger class org.apache.velocity.runtime.log.Log4JLogChute
2016-12-06 18:09:03,857 - Default ResourceManager initializing. (class org.apache.velocity.runtime.resource.ResourceManagerImpl)
2016-12-06 18:09:03,857 - ResourceLoader instantiated: org.apache.velocity.runtime.resource.loader.ClasspathResourceLoader
2016-12-06 18:09:03,857 - ClasspathResourceLoader : initialization complete.
2016-12-06 18:09:03,857 - ResourceCache: initialized (class org.apache.velocity.runtime.resource.ResourceCacheImpl) with class java.util.Collections$SynchronizedMap cache map.
2016-12-06 18:09:03,857 - Default ResourceManager initialization complete.
2016-12-06 18:09:03,857 - Loaded System Directive: org.apache.velocity.runtime.directive.Stop
2016-12-06 18:09:03,857 - Loaded System Directive: org.apache.velocity.runtime.directive.Define
2016-12-06 18:09:03,857 - Loaded System Directive: org.apache.velocity.runtime.directive.Break
2016-12-06 18:09:03,857 - Loaded System Directive: org.apache.velocity.runtime.directive.Evaluate
2016-12-06 18:09:03,857 - Loaded System Directive: org.apache.velocity.runtime.directive.Literal
2016-12-06 18:09:03,857 - Loaded System Directive: org.apache.velocity.runtime.directive.Macro
2016-12-06 18:09:03,857 - Loaded System Directive: org.apache.velocity.runtime.directive.Parse
2016-12-06 18:09:03,857 - Loaded System Directive: org.apache.velocity.runtime.directive.Include
2016-12-06 18:09:03,858 - Loaded System Directive: org.apache.velocity.runtime.directive.Foreach
2016-12-06 18:09:03,858 - Created '20' parsers.
2016-12-06 18:09:03,858 - Velocimacro : initialization starting.
2016-12-06 18:09:03,858 - Velocimacro : "velocimacro.library" is not set.  Trying default library: VM_global_library.vm
2016-12-06 18:09:03,859 - Could not load resource 'VM_global_library.vm' from ResourceLoader org.apache.velocity.runtime.resource.loader.ClasspathResourceLoader: ClasspathResourceLoader Error: cannot find resource VM_global_library.vm
2016-12-06 18:09:03,859 - Velocimacro : Default library not found.
2016-12-06 18:09:03,859 - Velocimacro : allowInline = true : VMs can be defined inline in templates
2016-12-06 18:09:03,859 - Velocimacro : allowInlineToOverride = false : VMs defined inline may NOT replace previous VM definitions
2016-12-06 18:09:03,859 - Velocimacro : allowInlineLocal = false : VMs defined inline will be global in scope if allowed.
2016-12-06 18:09:03,859 - Velocimacro : autoload off : VM system will not automatically reload global library macros
2016-12-06 18:09:03,859 - Velocimacro : Velocimacro : initialization complete.
2016-12-06 18:09:03,859 - RuntimeInstance successfully initialized.
2016-12-06 18:09:03,860 - ResourceManager : found mailTemplates/register.vm with loader org.apache.velocity.runtime.resource.loader.ClasspathResourceLoader
2016-12-07 17:14:13,946 - Log4JLogChute initialized using file 'velocity.log'
2016-12-07 17:14:13,946 - The version of log4j being used does not support the "trace" level.
2016-12-07 17:14:13,946 - Initializing Velocity, Calling init()...
2016-12-07 17:14:13,946 - *******************************************************************
2016-12-07 17:14:13,946 - Starting Apache Velocity v1.7 (compiled: 2010-11-19 12:14:37)
2016-12-07 17:14:13,946 - RuntimeInstance initializing.
2016-12-07 17:14:13,946 - Default Properties File: org/apache/velocity/runtime/defaults/velocity.properties
2016-12-07 17:14:13,946 - Trying to use logger class org.apache.velocity.runtime.log.AvalonLogChute
2016-12-07 17:14:13,946 - Target log system for org.apache.velocity.runtime.log.AvalonLogChute is not available (java.lang.NoClassDefFoundError: org/apache/log/format/Formatter).  Falling back to next log system...
2016-12-07 17:14:13,946 - Trying to use logger class org.apache.velocity.runtime.log.Log4JLogChute
2016-12-07 17:14:13,946 - Using logger class org.apache.velocity.runtime.log.Log4JLogChute
2016-12-07 17:14:13,946 - Default ResourceManager initializing. (class org.apache.velocity.runtime.resource.ResourceManagerImpl)
2016-12-07 17:14:13,946 - ResourceLoader instantiated: org.apache.velocity.runtime.resource.loader.ClasspathResourceLoader
2016-12-07 17:14:13,946 - ClasspathResourceLoader : initialization complete.
2016-12-07 17:14:13,946 - ResourceCache: initialized (class org.apache.velocity.runtime.resource.ResourceCacheImpl) with class java.util.Collections$SynchronizedMap cache map.
2016-12-07 17:14:13,946 - Default ResourceManager initialization complete.
2016-12-07 17:14:13,947 - Loaded System Directive: org.apache.velocity.runtime.directive.Stop
2016-12-07 17:14:13,947 - Loaded System Directive: org.apache.velocity.runtime.directive.Define
2016-12-07 17:14:13,947 - Loaded System Directive: org.apache.velocity.runtime.directive.Break
2016-12-07 17:14:13,947 - Loaded System Directive: org.apache.velocity.runtime.directive.Evaluate
2016-12-07 17:14:13,947 - Loaded System Directive: org.apache.velocity.runtime.directive.Literal
2016-12-07 17:14:13,947 - Loaded System Directive: org.apache.velocity.runtime.directive.Macro
2016-12-07 17:14:13,947 - Loaded System Directive: org.apache.velocity.runtime.directive.Parse
2016-12-07 17:14:13,947 - Loaded System Directive: org.apache.velocity.runtime.directive.Include
2016-12-07 17:14:13,947 - Loaded System Directive: org.apache.velocity.runtime.directive.Foreach
2016-12-07 17:14:13,948 - Created '20' parsers.
2016-12-07 17:14:13,948 - Velocimacro : initialization starting.
2016-12-07 17:14:13,948 - Velocimacro : "velocimacro.library" is not set.  Trying default library: VM_global_library.vm
2016-12-07 17:14:13,949 - Could not load resource 'VM_global_library.vm' from ResourceLoader org.apache.velocity.runtime.resource.loader.ClasspathResourceLoader: ClasspathResourceLoader Error: cannot find resource VM_global_library.vm
2016-12-07 17:14:13,949 - Velocimacro : Default library not found.
2016-12-07 17:14:13,949 - Velocimacro : allowInline = true : VMs can be defined inline in templates
2016-12-07 17:14:13,949 - Velocimacro : allowInlineToOverride = false : VMs defined inline may NOT replace previous VM definitions
2016-12-07 17:14:13,949 - Velocimacro : allowInlineLocal = false : VMs defined inline will be global in scope if allowed.
2016-12-07 17:14:13,949 - Velocimacro : autoload off : VM system will not automatically reload global library macros
2016-12-07 17:14:13,949 - Velocimacro : Velocimacro : initialization complete.
2016-12-07 17:14:13,949 - RuntimeInstance successfully initialized.
2016-12-07 17:14:13,949 - ResourceManager : found mailTemplates/register.vm with loader org.apache.velocity.runtime.resource.loader.ClasspathResourceLoader
2016-12-07 17:14:57,278 - ResourceManager : found mailTemplates/register.vm with loader org.apache.velocity.runtime.resource.loader.ClasspathResourceLoader
2017-01-24 18:04:25,909 - Log4JLogChute initialized using file 'velocity.log'
2017-01-24 18:04:25,914 - The version of log4j being used does not support the "trace" level.
2017-01-24 18:04:25,915 - Initializing Velocity, Calling init()...
2017-01-24 18:04:25,915 - *******************************************************************
2017-01-24 18:04:25,915 - Starting Apache Velocity v1.7 (compiled: 2010-11-19 12:14:37)
2017-01-24 18:04:25,915 - RuntimeInstance initializing.
2017-01-24 18:04:25,915 - Default Properties File: org/apache/velocity/runtime/defaults/velocity.properties
2017-01-24 18:04:25,915 - Trying to use logger class org.apache.velocity.runtime.log.AvalonLogChute
2017-01-24 18:04:25,915 - Target log system for org.apache.velocity.runtime.log.AvalonLogChute is not available (java.lang.NoClassDefFoundError: org/apache/log/format/Formatter).  Falling back to next log system...
2017-01-24 18:04:25,915 - Trying to use logger class org.apache.velocity.runtime.log.Log4JLogChute
2017-01-24 18:04:25,915 - Using logger class org.apache.velocity.runtime.log.Log4JLogChute
2017-01-24 18:04:25,915 - Default ResourceManager initializing. (class org.apache.velocity.runtime.resource.ResourceManagerImpl)
2017-01-24 18:04:25,915 - ResourceLoader instantiated: org.apache.velocity.runtime.resource.loader.ClasspathResourceLoader
2017-01-24 18:04:25,915 - ClasspathResourceLoader : initialization complete.
2017-01-24 18:04:25,916 - ResourceCache: initialized (class org.apache.velocity.runtime.resource.ResourceCacheImpl) with class java.util.Collections$SynchronizedMap cache map.
2017-01-24 18:04:25,916 - Default ResourceManager initialization complete.
2017-01-24 18:04:25,916 - Loaded System Directive: org.apache.velocity.runtime.directive.Stop
2017-01-24 18:04:25,916 - Loaded System Directive: org.apache.velocity.runtime.directive.Define
2017-01-24 18:04:25,916 - Loaded System Directive: org.apache.velocity.runtime.directive.Break
2017-01-24 18:04:25,916 - Loaded System Directive: org.apache.velocity.runtime.directive.Evaluate
2017-01-24 18:04:25,916 - Loaded System Directive: org.apache.velocity.runtime.directive.Literal
2017-01-24 18:04:25,916 - Loaded System Directive: org.apache.velocity.runtime.directive.Macro
2017-01-24 18:04:25,916 - Loaded System Directive: org.apache.velocity.runtime.directive.Parse
2017-01-24 18:04:25,916 - Loaded System Directive: org.apache.velocity.runtime.directive.Include
2017-01-24 18:04:25,916 - Loaded System Directive: org.apache.velocity.runtime.directive.Foreach
2017-01-24 18:04:25,919 - Created '20' parsers.
2017-01-24 18:04:25,919 - Velocimacro : initialization starting.
2017-01-24 18:04:25,919 - Velocimacro : "velocimacro.library" is not set.  Trying default library: VM_global_library.vm
2017-01-24 18:04:25,920 - Could not load resource 'VM_global_library.vm' from ResourceLoader org.apache.velocity.runtime.resource.loader.ClasspathResourceLoader: ClasspathResourceLoader Error: cannot find resource VM_global_library.vm
2017-01-24 18:04:25,920 - Velocimacro : Default library not found.
2017-01-24 18:04:25,920 - Velocimacro : allowInline = true : VMs can be defined inline in templates
2017-01-24 18:04:25,920 - Velocimacro : allowInlineToOverride = false : VMs defined inline may NOT replace previous VM definitions
2017-01-24 18:04:25,920 - Velocimacro : allowInlineLocal = false : VMs defined inline will be global in scope if allowed.
2017-01-24 18:04:25,920 - Velocimacro : autoload off : VM system will not automatically reload global library macros
2017-01-24 18:04:25,920 - Velocimacro : Velocimacro : initialization complete.
2017-01-24 18:04:25,920 - RuntimeInstance successfully initialized.
2017-01-24 18:04:25,921 - ResourceManager : found mailTemplates/register.vm with loader org.apache.velocity.runtime.resource.loader.ClasspathResourceLoader
2019-04-11 17:56:52,268 - Log4JLogChute initialized using file 'velocity.log'
2019-04-11 17:56:52,269 - The version of log4j being used does not support the "trace" level.
2019-04-11 17:56:52,269 - Initializing Velocity, Calling init()...
2019-04-11 17:56:52,269 - *******************************************************************
2019-04-11 17:56:52,269 - Starting Apache Velocity v1.7 (compiled: 2010-11-19 12:14:37)
2019-04-11 17:56:52,269 - RuntimeInstance initializing.
2019-04-11 17:56:52,269 - Default Properties File: org/apache/velocity/runtime/defaults/velocity.properties
2019-04-11 17:56:52,269 - Trying to use logger class org.apache.velocity.runtime.log.AvalonLogChute
2019-04-11 17:56:52,269 - Target log system for org.apache.velocity.runtime.log.AvalonLogChute is not available (java.lang.NoClassDefFoundError: org/apache/log/format/Formatter).  Falling back to next log system...
2019-04-11 17:56:52,269 - Trying to use logger class org.apache.velocity.runtime.log.Log4JLogChute
2019-04-11 17:56:52,269 - Using logger class org.apache.velocity.runtime.log.Log4JLogChute
2019-04-11 17:56:52,271 - Default ResourceManager initializing. (class org.apache.velocity.runtime.resource.ResourceManagerImpl)
2019-04-11 17:56:52,273 - ResourceLoader instantiated: org.apache.velocity.runtime.resource.loader.ClasspathResourceLoader
2019-04-11 17:56:52,273 - ClasspathResourceLoader : initialization complete.
2019-04-11 17:56:52,283 - ResourceCache: initialized (class org.apache.velocity.runtime.resource.ResourceCacheImpl) with class java.util.Collections$SynchronizedMap cache map.
2019-04-11 17:56:52,283 - Default ResourceManager initialization complete.
2019-04-11 17:56:52,285 - Loaded System Directive: org.apache.velocity.runtime.directive.Stop
2019-04-11 17:56:52,286 - Loaded System Directive: org.apache.velocity.runtime.directive.Define
2019-04-11 17:56:52,286 - Loaded System Directive: org.apache.velocity.runtime.directive.Break
2019-04-11 17:56:52,287 - Loaded System Directive: org.apache.velocity.runtime.directive.Evaluate
2019-04-11 17:56:52,288 - Loaded System Directive: org.apache.velocity.runtime.directive.Literal
2019-04-11 17:56:52,289 - Loaded System Directive: org.apache.velocity.runtime.directive.Macro
2019-04-11 17:56:52,290 - Loaded System Directive: org.apache.velocity.runtime.directive.Parse
2019-04-11 17:56:52,290 - Loaded System Directive: org.apache.velocity.runtime.directive.Include
2019-04-11 17:56:52,291 - Loaded System Directive: org.apache.velocity.runtime.directive.Foreach
2019-04-11 17:56:52,323 - Created '20' parsers.
2019-04-11 17:56:52,328 - Velocimacro : initialization starting.
2019-04-11 17:56:52,328 - Velocimacro : "velocimacro.library" is not set.  Trying default library: VM_global_library.vm
2019-04-11 17:56:52,329 - Could not load resource 'VM_global_library.vm' from ResourceLoader org.apache.velocity.runtime.resource.loader.ClasspathResourceLoader: ClasspathResourceLoader Error: cannot find resource VM_global_library.vm
2019-04-11 17:56:52,329 - Velocimacro : Default library not found.
2019-04-11 17:56:52,329 - Velocimacro : allowInline = true : VMs can be defined inline in templates
2019-04-11 17:56:52,329 - Velocimacro : allowInlineToOverride = false : VMs defined inline may NOT replace previous VM definitions
2019-04-11 17:56:52,329 - Velocimacro : allowInlineLocal = false : VMs defined inline will be global in scope if allowed.
2019-04-11 17:56:52,329 - Velocimacro : autoload off : VM system will not automatically reload global library macros
2019-04-11 17:56:52,329 - Velocimacro : Velocimacro : initialization complete.
2019-04-11 17:56:52,330 - RuntimeInstance successfully initialized.
2019-04-11 17:56:52,340 - ResourceManager : found mailTemplates/passwordRecoveryCode.vm with loader org.apache.velocity.runtime.resource.loader.ClasspathResourceLoader
2019-10-07 18:17:04,590 - Log4JLogChute initialized using file 'velocity.log'
2019-10-07 18:17:04,605 - The version of log4j being used does not support the "trace" level.
2019-10-07 18:17:04,605 - Initializing Velocity, Calling init()...
2019-10-07 18:17:04,605 - *******************************************************************
2019-10-07 18:17:04,605 - Starting Apache Velocity v1.7 (compiled: 2010-11-19 12:14:37)
2019-10-07 18:17:04,605 - RuntimeInstance initializing.
2019-10-07 18:17:04,605 - Default Properties File: org/apache/velocity/runtime/defaults/velocity.properties
2019-10-07 18:17:04,605 - Trying to use logger class org.apache.velocity.runtime.log.AvalonLogChute
2019-10-07 18:17:04,605 - Target log system for org.apache.velocity.runtime.log.AvalonLogChute is not available (java.lang.NoClassDefFoundError: org/apache/log/format/Formatter).  Falling back to next log system...
2019-10-07 18:17:04,605 - Trying to use logger class org.apache.velocity.runtime.log.Log4JLogChute
2019-10-07 18:17:04,605 - Using logger class org.apache.velocity.runtime.log.Log4JLogChute
2019-10-07 18:17:04,606 - Default ResourceManager initializing. (class org.apache.velocity.runtime.resource.ResourceManagerImpl)
2019-10-07 18:17:04,645 - ResourceLoader instantiated: org.apache.velocity.runtime.resource.loader.ClasspathResourceLoader
2019-10-07 18:17:04,646 - ClasspathResourceLoader : initialization complete.
2019-10-07 18:17:04,650 - ResourceCache: initialized (class org.apache.velocity.runtime.resource.ResourceCacheImpl) with class java.util.Collections$SynchronizedMap cache map.
2019-10-07 18:17:04,650 - Default ResourceManager initialization complete.
2019-10-07 18:17:04,651 - Loaded System Directive: org.apache.velocity.runtime.directive.Stop
2019-10-07 18:17:04,651 - Loaded System Directive: org.apache.velocity.runtime.directive.Define
2019-10-07 18:17:04,652 - Loaded System Directive: org.apache.velocity.runtime.directive.Break
2019-10-07 18:17:04,652 - Loaded System Directive: org.apache.velocity.runtime.directive.Evaluate
2019-10-07 18:17:04,652 - Loaded System Directive: org.apache.velocity.runtime.directive.Literal
2019-10-07 18:17:04,653 - Loaded System Directive: org.apache.velocity.runtime.directive.Macro
2019-10-07 18:17:04,653 - Loaded System Directive: org.apache.velocity.runtime.directive.Parse
2019-10-07 18:17:04,654 - Loaded System Directive: org.apache.velocity.runtime.directive.Include
2019-10-07 18:17:04,654 - Loaded System Directive: org.apache.velocity.runtime.directive.Foreach
2019-10-07 18:17:04,695 - Created '20' parsers.
2019-10-07 18:17:04,697 - Velocimacro : initialization starting.
2019-10-07 18:17:04,697 - Velocimacro : "velocimacro.library" is not set.  Trying default library: VM_global_library.vm
2019-10-07 18:17:04,698 - Could not load resource 'VM_global_library.vm' from ResourceLoader org.apache.velocity.runtime.resource.loader.ClasspathResourceLoader: ClasspathResourceLoader Error: cannot find resource VM_global_library.vm
2019-10-07 18:17:04,698 - Velocimacro : Default library not found.
2019-10-07 18:17:04,698 - Velocimacro : allowInline = true : VMs can be defined inline in templates
2019-10-07 18:17:04,698 - Velocimacro : allowInlineToOverride = false : VMs defined inline may NOT replace previous VM definitions
2019-10-07 18:17:04,698 - Velocimacro : allowInlineLocal = false : VMs defined inline will be global in scope if allowed.
2019-10-07 18:17:04,698 - Velocimacro : autoload off : VM system will not automatically reload global library macros
2019-10-07 18:17:04,698 - Velocimacro : Velocimacro : initialization complete.
2019-10-07 18:17:04,698 - RuntimeInstance successfully initialized.
2019-10-07 18:17:04,736 - ResourceManager : found mailTemplates/register.vm with loader org.apache.velocity.runtime.resource.loader.ClasspathResourceLoader
2019-10-07 18:17:04,737 - Null reference [template 'mailTemplates/register.vm', line 10, column 82] : ${loginUrl} cannot be resolved.
2019-10-07 18:17:06,141 - ResourceManager : found mailTemplates/register.vm with loader org.apache.velocity.runtime.resource.loader.ClasspathResourceLoader
2019-10-07 18:17:06,142 - Null reference [template 'mailTemplates/register.vm', line 10, column 82] : ${loginUrl} cannot be resolved.
2019-10-07 18:18:12,883 - ResourceManager : found mailTemplates/register.vm with loader org.apache.velocity.runtime.resource.loader.ClasspathResourceLoader
2019-10-07 18:18:12,883 - Null reference [template 'mailTemplates/register.vm', line 10, column 82] : ${loginUrl} cannot be resolved.
2019-10-07 18:18:12,883 - ResourceManager : found mailTemplates/register.vm with loader org.apache.velocity.runtime.resource.loader.ClasspathResourceLoader
2019-10-07 18:18:12,883 - Null reference [template 'mailTemplates/register.vm', line 10, column 82] : ${loginUrl} cannot be resolved.
2019-10-07 18:18:12,883 - ResourceManager : found mailTemplates/register.vm with loader org.apache.velocity.runtime.resource.loader.ClasspathResourceLoader
2019-10-07 18:18:12,883 - Null reference [template 'mailTemplates/register.vm', line 10, column 82] : ${loginUrl} cannot be resolved.
2019-10-10 21:35:42,384 - Log4JLogChute initialized using file 'velocity.log'
2019-10-10 21:35:42,385 - The version of log4j being used does not support the "trace" level.
2019-10-10 21:35:42,385 - Initializing Velocity, Calling init()...
2019-10-10 21:35:42,385 - *******************************************************************
2019-10-10 21:35:42,385 - Starting Apache Velocity v1.7 (compiled: 2010-11-19 12:14:37)
2019-10-10 21:35:42,385 - RuntimeInstance initializing.
2019-10-10 21:35:42,385 - Default Properties File: org/apache/velocity/runtime/defaults/velocity.properties
2019-10-10 21:35:42,385 - Trying to use logger class org.apache.velocity.runtime.log.AvalonLogChute
2019-10-10 21:35:42,385 - Target log system for org.apache.velocity.runtime.log.AvalonLogChute is not available (java.lang.NoClassDefFoundError: org/apache/log/format/Formatter).  Falling back to next log system...
2019-10-10 21:35:42,385 - Trying to use logger class org.apache.velocity.runtime.log.Log4JLogChute
2019-10-10 21:35:42,386 - Using logger class org.apache.velocity.runtime.log.Log4JLogChute
2019-10-10 21:35:42,388 - Default ResourceManager initializing. (class org.apache.velocity.runtime.resource.ResourceManagerImpl)
2019-10-10 21:35:42,389 - ResourceLoader instantiated: org.apache.velocity.runtime.resource.loader.ClasspathResourceLoader
2019-10-10 21:35:42,390 - ClasspathResourceLoader : initialization complete.
2019-10-10 21:35:42,396 - ResourceCache: initialized (class org.apache.velocity.runtime.resource.ResourceCacheImpl) with class java.util.Collections$SynchronizedMap cache map.
2019-10-10 21:35:42,396 - Default ResourceManager initialization complete.
2019-10-10 21:35:42,397 - Loaded System Directive: org.apache.velocity.runtime.directive.Stop
2019-10-10 21:35:42,398 - Loaded System Directive: org.apache.velocity.runtime.directive.Define
2019-10-10 21:35:42,398 - Loaded System Directive: org.apache.velocity.runtime.directive.Break
2019-10-10 21:35:42,399 - Loaded System Directive: org.apache.velocity.runtime.directive.Evaluate
2019-10-10 21:35:42,399 - Loaded System Directive: org.apache.velocity.runtime.directive.Literal
2019-10-10 21:35:42,400 - Loaded System Directive: org.apache.velocity.runtime.directive.Macro
2019-10-10 21:35:42,401 - Loaded System Directive: org.apache.velocity.runtime.directive.Parse
2019-10-10 21:35:42,402 - Loaded System Directive: org.apache.velocity.runtime.directive.Include
2019-10-10 21:35:42,403 - Loaded System Directive: org.apache.velocity.runtime.directive.Foreach
2019-10-10 21:35:42,431 - Created '20' parsers.
2019-10-10 21:35:42,435 - Velocimacro : initialization starting.
2019-10-10 21:35:42,435 - Velocimacro : "velocimacro.library" is not set.  Trying default library: VM_global_library.vm
2019-10-10 21:35:42,436 - Could not load resource 'VM_global_library.vm' from ResourceLoader org.apache.velocity.runtime.resource.loader.ClasspathResourceLoader: ClasspathResourceLoader Error: cannot find resource VM_global_library.vm
2019-10-10 21:35:42,436 - Velocimacro : Default library not found.
2019-10-10 21:35:42,436 - Velocimacro : allowInline = true : VMs can be defined inline in templates
2019-10-10 21:35:42,436 - Velocimacro : allowInlineToOverride = false : VMs defined inline may NOT replace previous VM definitions
2019-10-10 21:35:42,436 - Velocimacro : allowInlineLocal = false : VMs defined inline will be global in scope if allowed.
2019-10-10 21:35:42,436 - Velocimacro : autoload off : VM system will not automatically reload global library macros
2019-10-10 21:35:42,436 - Velocimacro : Velocimacro : initialization complete.
2019-10-10 21:35:42,436 - RuntimeInstance successfully initialized.
2019-10-10 21:35:42,446 - ResourceManager : found mailTemplates/recover.vm with loader org.apache.velocity.runtime.resource.loader.ClasspathResourceLoader
2019-10-10 21:37:15,675 - ResourceManager : found mailTemplates/recover.vm with loader org.apache.velocity.runtime.resource.loader.ClasspathResourceLoader
2019-10-24 20:37:09,944 - Log4JLogChute initialized using file 'velocity.log'
2019-10-24 20:37:09,961 - The version of log4j being used does not support the "trace" level.
2019-10-24 20:37:09,961 - Initializing Velocity, Calling init()...
2019-10-24 20:37:09,962 - *******************************************************************
2019-10-24 20:37:09,962 - Starting Apache Velocity v1.7 (compiled: 2010-11-19 12:14:37)
2019-10-24 20:37:09,962 - RuntimeInstance initializing.
2019-10-24 20:37:09,962 - Default Properties File: org\apache\velocity\runtime\defaults\velocity.properties
2019-10-24 20:37:09,962 - Trying to use logger class org.apache.velocity.runtime.log.AvalonLogChute
2019-10-24 20:37:09,962 - Target log system for org.apache.velocity.runtime.log.AvalonLogChute is not available (java.lang.NoClassDefFoundError: org/apache/log/Priority).  Falling back to next log system...
2019-10-24 20:37:09,962 - Trying to use logger class org.apache.velocity.runtime.log.Log4JLogChute
2019-10-24 20:37:09,962 - Using logger class org.apache.velocity.runtime.log.Log4JLogChute
2019-10-24 20:37:09,964 - Default ResourceManager initializing. (class org.apache.velocity.runtime.resource.ResourceManagerImpl)
2019-10-24 20:37:09,969 - ResourceLoader instantiated: org.apache.velocity.runtime.resource.loader.ClasspathResourceLoader
2019-10-24 20:37:09,972 - ClasspathResourceLoader : initialization complete.
2019-10-24 20:37:09,985 - ResourceCache: initialized (class org.apache.velocity.runtime.resource.ResourceCacheImpl) with class java.util.Collections$SynchronizedMap cache map.
2019-10-24 20:37:09,985 - Default ResourceManager initialization complete.
2019-10-24 20:37:09,988 - Loaded System Directive: org.apache.velocity.runtime.directive.Stop
2019-10-24 20:37:09,989 - Loaded System Directive: org.apache.velocity.runtime.directive.Define
2019-10-24 20:37:09,989 - Loaded System Directive: org.apache.velocity.runtime.directive.Break
2019-10-24 20:37:09,990 - Loaded System Directive: org.apache.velocity.runtime.directive.Evaluate
2019-10-24 20:37:09,990 - Loaded System Directive: org.apache.velocity.runtime.directive.Literal
2019-10-24 20:37:09,991 - Loaded System Directive: org.apache.velocity.runtime.directive.Macro
2019-10-24 20:37:09,992 - Loaded System Directive: org.apache.velocity.runtime.directive.Parse
2019-10-24 20:37:09,993 - Loaded System Directive: org.apache.velocity.runtime.directive.Include
2019-10-24 20:37:09,994 - Loaded System Directive: org.apache.velocity.runtime.directive.Foreach
2019-10-24 20:37:10,012 - Created '20' parsers.
2019-10-24 20:37:10,015 - Velocimacro : initialization starting.
2019-10-24 20:37:10,015 - Velocimacro : "velocimacro.library" is not set.  Trying default library: VM_global_library.vm
2019-10-24 20:37:10,020 - Could not load resource 'VM_global_library.vm' from ResourceLoader org.apache.velocity.runtime.resource.loader.ClasspathResourceLoader: ClasspathResourceLoader Error: cannot find resource VM_global_library.vm
2019-10-24 20:37:10,020 - Velocimacro : Default library not found.
2019-10-24 20:37:10,020 - Velocimacro : allowInline = true : VMs can be defined inline in templates
2019-10-24 20:37:10,020 - Velocimacro : allowInlineToOverride = false : VMs defined inline may NOT replace previous VM definitions
2019-10-24 20:37:10,020 - Velocimacro : allowInlineLocal = false : VMs defined inline will be global in scope if allowed.
2019-10-24 20:37:10,020 - Velocimacro : autoload off : VM system will not automatically reload global library macros
2019-10-24 20:37:10,020 - Velocimacro : Velocimacro : initialization complete.
2019-10-24 20:37:10,020 - RuntimeInstance successfully initialized.
2019-10-24 20:37:10,044 - ResourceManager : found mailTemplates/userActivation.vm with loader org.apache.velocity.runtime.resource.loader.ClasspathResourceLoader
2019-10-24 20:46:53,507 - Log4JLogChute initialized using file 'velocity.log'
2019-10-24 20:46:53,508 - The version of log4j being used does not support the "trace" level.
2019-10-24 20:46:53,508 - Initializing Velocity, Calling init()...
2019-10-24 20:46:53,508 - *******************************************************************
2019-10-24 20:46:53,508 - Starting Apache Velocity v1.7 (compiled: 2010-11-19 12:14:37)
2019-10-24 20:46:53,508 - RuntimeInstance initializing.
2019-10-24 20:46:53,508 - Default Properties File: org\apache\velocity\runtime\defaults\velocity.properties
2019-10-24 20:46:53,508 - Trying to use logger class org.apache.velocity.runtime.log.AvalonLogChute
2019-10-24 20:46:53,508 - Target log system for org.apache.velocity.runtime.log.AvalonLogChute is not available (java.lang.NoClassDefFoundError: org/apache/log/Priority).  Falling back to next log system...
2019-10-24 20:46:53,508 - Trying to use logger class org.apache.velocity.runtime.log.Log4JLogChute
2019-10-24 20:46:53,508 - Using logger class org.apache.velocity.runtime.log.Log4JLogChute
2019-10-24 20:46:53,509 - Default ResourceManager initializing. (class org.apache.velocity.runtime.resource.ResourceManagerImpl)
2019-10-24 20:46:53,511 - ResourceLoader instantiated: org.apache.velocity.runtime.resource.loader.ClasspathResourceLoader
2019-10-24 20:46:53,511 - ClasspathResourceLoader : initialization complete.
2019-10-24 20:46:53,515 - ResourceCache: initialized (class org.apache.velocity.runtime.resource.ResourceCacheImpl) with class java.util.Collections$SynchronizedMap cache map.
2019-10-24 20:46:53,515 - Default ResourceManager initialization complete.
2019-10-24 20:46:53,519 - Loaded System Directive: org.apache.velocity.runtime.directive.Stop
2019-10-24 20:46:53,521 - Loaded System Directive: org.apache.velocity.runtime.directive.Define
2019-10-24 20:46:53,522 - Loaded System Directive: org.apache.velocity.runtime.directive.Break
2019-10-24 20:46:53,523 - Loaded System Directive: org.apache.velocity.runtime.directive.Evaluate
2019-10-24 20:46:53,524 - Loaded System Directive: org.apache.velocity.runtime.directive.Literal
2019-10-24 20:46:53,525 - Loaded System Directive: org.apache.velocity.runtime.directive.Macro
2019-10-24 20:46:53,526 - Loaded System Directive: org.apache.velocity.runtime.directive.Parse
2019-10-24 20:46:53,527 - Loaded System Directive: org.apache.velocity.runtime.directive.Include
2019-10-24 20:46:53,528 - Loaded System Directive: org.apache.velocity.runtime.directive.Foreach
2019-10-24 20:46:53,557 - Created '20' parsers.
2019-10-24 20:46:53,575 - Velocimacro : initialization starting.
2019-10-24 20:46:53,576 - Velocimacro : "velocimacro.library" is not set.  Trying default library: VM_global_library.vm
2019-10-24 20:46:53,580 - Could not load resource 'VM_global_library.vm' from ResourceLoader org.apache.velocity.runtime.resource.loader.ClasspathResourceLoader: ClasspathResourceLoader Error: cannot find resource VM_global_library.vm
2019-10-24 20:46:53,580 - Velocimacro : Default library not found.
2019-10-24 20:46:53,580 - Velocimacro : allowInline = true : VMs can be defined inline in templates
2019-10-24 20:46:53,580 - Velocimacro : allowInlineToOverride = false : VMs defined inline may NOT replace previous VM definitions
2019-10-24 20:46:53,580 - Velocimacro : allowInlineLocal = false : VMs defined inline will be global in scope if allowed.
2019-10-24 20:46:53,580 - Velocimacro : autoload off : VM system will not automatically reload global library macros
2019-10-24 20:46:53,580 - Velocimacro : Velocimacro : initialization complete.
2019-10-24 20:46:53,580 - RuntimeInstance successfully initialized.
2019-10-24 20:46:53,598 - ResourceManager : found mailTemplates/userActivation.vm with loader org.apache.velocity.runtime.resource.loader.ClasspathResourceLoader
2019-10-25 09:20:19,922 - Log4JLogChute initialized using file 'velocity.log'
2019-10-25 09:20:19,951 - The version of log4j being used does not support the "trace" level.
2019-10-25 09:20:19,951 - Initializing Velocity, Calling init()...
2019-10-25 09:20:19,951 - *******************************************************************
2019-10-25 09:20:19,951 - Starting Apache Velocity v1.7 (compiled: 2010-11-19 12:14:37)
2019-10-25 09:20:19,951 - RuntimeInstance initializing.
2019-10-25 09:20:19,951 - Default Properties File: org\apache\velocity\runtime\defaults\velocity.properties
2019-10-25 09:20:19,951 - Trying to use logger class org.apache.velocity.runtime.log.AvalonLogChute
2019-10-25 09:20:19,951 - Target log system for org.apache.velocity.runtime.log.AvalonLogChute is not available (java.lang.NoClassDefFoundError: org/apache/log/Priority).  Falling back to next log system...
2019-10-25 09:20:19,952 - Trying to use logger class org.apache.velocity.runtime.log.Log4JLogChute
2019-10-25 09:20:19,952 - Using logger class org.apache.velocity.runtime.log.Log4JLogChute
2019-10-25 09:20:19,953 - Default ResourceManager initializing. (class org.apache.velocity.runtime.resource.ResourceManagerImpl)
2019-10-25 09:20:19,956 - ResourceLoader instantiated: org.apache.velocity.runtime.resource.loader.ClasspathResourceLoader
2019-10-25 09:20:19,957 - ClasspathResourceLoader : initialization complete.
2019-10-25 09:20:19,970 - ResourceCache: initialized (class org.apache.velocity.runtime.resource.ResourceCacheImpl) with class java.util.Collections$SynchronizedMap cache map.
2019-10-25 09:20:19,971 - Default ResourceManager initialization complete.
2019-10-25 09:20:19,975 - Loaded System Directive: org.apache.velocity.runtime.directive.Stop
2019-10-25 09:20:19,976 - Loaded System Directive: org.apache.velocity.runtime.directive.Define
2019-10-25 09:20:19,976 - Loaded System Directive: org.apache.velocity.runtime.directive.Break
2019-10-25 09:20:19,977 - Loaded System Directive: org.apache.velocity.runtime.directive.Evaluate
2019-10-25 09:20:19,977 - Loaded System Directive: org.apache.velocity.runtime.directive.Literal
2019-10-25 09:20:19,978 - Loaded System Directive: org.apache.velocity.runtime.directive.Macro
2019-10-25 09:20:19,979 - Loaded System Directive: org.apache.velocity.runtime.directive.Parse
2019-10-25 09:20:19,979 - Loaded System Directive: org.apache.velocity.runtime.directive.Include
2019-10-25 09:20:19,979 - Loaded System Directive: org.apache.velocity.runtime.directive.Foreach
2019-10-25 09:20:19,997 - Created '20' parsers.
2019-10-25 09:20:20,018 - Velocimacro : initialization starting.
2019-10-25 09:20:20,018 - Velocimacro : "velocimacro.library" is not set.  Trying default library: VM_global_library.vm
2019-10-25 09:20:20,023 - Could not load resource 'VM_global_library.vm' from ResourceLoader org.apache.velocity.runtime.resource.loader.ClasspathResourceLoader: ClasspathResourceLoader Error: cannot find resource VM_global_library.vm
2019-10-25 09:20:20,023 - Velocimacro : Default library not found.
2019-10-25 09:20:20,024 - Velocimacro : allowInline = true : VMs can be defined inline in templates
2019-10-25 09:20:20,024 - Velocimacro : allowInlineToOverride = false : VMs defined inline may NOT replace previous VM definitions
2019-10-25 09:20:20,024 - Velocimacro : allowInlineLocal = false : VMs defined inline will be global in scope if allowed.
2019-10-25 09:20:20,024 - Velocimacro : autoload off : VM system will not automatically reload global library macros
2019-10-25 09:20:20,024 - Velocimacro : Velocimacro : initialization complete.
2019-10-25 09:20:20,024 - RuntimeInstance successfully initialized.
2019-10-25 09:20:20,038 - ResourceManager : found mailTemplates/userActivation.vm with loader org.apache.velocity.runtime.resource.loader.ClasspathResourceLoader
2019-10-25 09:23:44,432 - Log4JLogChute initialized using file 'velocity.log'
2019-10-25 09:23:44,432 - The version of log4j being used does not support the "trace" level.
2019-10-25 09:23:44,433 - Initializing Velocity, Calling init()...
2019-10-25 09:23:44,433 - *******************************************************************
2019-10-25 09:23:44,433 - Starting Apache Velocity v1.7 (compiled: 2010-11-19 12:14:37)
2019-10-25 09:23:44,433 - RuntimeInstance initializing.
2019-10-25 09:23:44,433 - Default Properties File: org\apache\velocity\runtime\defaults\velocity.properties
2019-10-25 09:23:44,433 - Trying to use logger class org.apache.velocity.runtime.log.AvalonLogChute
2019-10-25 09:23:44,433 - Target log system for org.apache.velocity.runtime.log.AvalonLogChute is not available (java.lang.NoClassDefFoundError: org/apache/log/Priority).  Falling back to next log system...
2019-10-25 09:23:44,433 - Trying to use logger class org.apache.velocity.runtime.log.Log4JLogChute
2019-10-25 09:23:44,433 - Using logger class org.apache.velocity.runtime.log.Log4JLogChute
2019-10-25 09:23:44,435 - Default ResourceManager initializing. (class org.apache.velocity.runtime.resource.ResourceManagerImpl)
2019-10-25 09:23:44,439 - ResourceLoader instantiated: org.apache.velocity.runtime.resource.loader.ClasspathResourceLoader
2019-10-25 09:23:44,442 - ClasspathResourceLoader : initialization complete.
2019-10-25 09:23:44,455 - ResourceCache: initialized (class org.apache.velocity.runtime.resource.ResourceCacheImpl) with class java.util.Collections$SynchronizedMap cache map.
2019-10-25 09:23:44,456 - Default ResourceManager initialization complete.
2019-10-25 09:23:44,461 - Loaded System Directive: org.apache.velocity.runtime.directive.Stop
2019-10-25 09:23:44,462 - Loaded System Directive: org.apache.velocity.runtime.directive.Define
2019-10-25 09:23:44,463 - Loaded System Directive: org.apache.velocity.runtime.directive.Break
2019-10-25 09:23:44,463 - Loaded System Directive: org.apache.velocity.runtime.directive.Evaluate
2019-10-25 09:23:44,464 - Loaded System Directive: org.apache.velocity.runtime.directive.Literal
2019-10-25 09:23:44,464 - Loaded System Directive: org.apache.velocity.runtime.directive.Macro
2019-10-25 09:23:44,465 - Loaded System Directive: org.apache.velocity.runtime.directive.Parse
2019-10-25 09:23:44,466 - Loaded System Directive: org.apache.velocity.runtime.directive.Include
2019-10-25 09:23:44,467 - Loaded System Directive: org.apache.velocity.runtime.directive.Foreach
2019-10-25 09:23:44,479 - Created '20' parsers.
2019-10-25 09:23:44,480 - Velocimacro : initialization starting.
2019-10-25 09:23:44,480 - Velocimacro : "velocimacro.library" is not set.  Trying default library: VM_global_library.vm
2019-10-25 09:23:44,485 - Could not load resource 'VM_global_library.vm' from ResourceLoader org.apache.velocity.runtime.resource.loader.ClasspathResourceLoader: ClasspathResourceLoader Error: cannot find resource VM_global_library.vm
2019-10-25 09:23:44,485 - Velocimacro : Default library not found.
2019-10-25 09:23:44,485 - Velocimacro : allowInline = true : VMs can be defined inline in templates
2019-10-25 09:23:44,486 - Velocimacro : allowInlineToOverride = false : VMs defined inline may NOT replace previous VM definitions
2019-10-25 09:23:44,486 - Velocimacro : allowInlineLocal = false : VMs defined inline will be global in scope if allowed.
2019-10-25 09:23:44,486 - Velocimacro : autoload off : VM system will not automatically reload global library macros
2019-10-25 09:23:44,486 - Velocimacro : Velocimacro : initialization complete.
2019-10-25 09:23:44,486 - RuntimeInstance successfully initialized.
2019-10-25 09:23:44,504 - ResourceManager : found mailTemplates/userActivation.vm with loader org.apache.velocity.runtime.resource.loader.ClasspathResourceLoader
2019-10-25 09:38:54,938 - Log4JLogChute initialized using file 'velocity.log'
2019-10-25 09:38:54,938 - The version of log4j being used does not support the "trace" level.
2019-10-25 09:38:54,939 - Initializing Velocity, Calling init()...
2019-10-25 09:38:54,939 - *******************************************************************
2019-10-25 09:38:54,939 - Starting Apache Velocity v1.7 (compiled: 2010-11-19 12:14:37)
2019-10-25 09:38:54,939 - RuntimeInstance initializing.
2019-10-25 09:38:54,939 - Default Properties File: org\apache\velocity\runtime\defaults\velocity.properties
2019-10-25 09:38:54,939 - Trying to use logger class org.apache.velocity.runtime.log.AvalonLogChute
2019-10-25 09:38:54,939 - Target log system for org.apache.velocity.runtime.log.AvalonLogChute is not available (java.lang.NoClassDefFoundError: org/apache/log/Priority).  Falling back to next log system...
2019-10-25 09:38:54,939 - Trying to use logger class org.apache.velocity.runtime.log.Log4JLogChute
2019-10-25 09:38:54,939 - Using logger class org.apache.velocity.runtime.log.Log4JLogChute
2019-10-25 09:38:54,940 - Default ResourceManager initializing. (class org.apache.velocity.runtime.resource.ResourceManagerImpl)
2019-10-25 09:38:54,941 - ResourceLoader instantiated: org.apache.velocity.runtime.resource.loader.ClasspathResourceLoader
2019-10-25 09:38:54,945 - ClasspathResourceLoader : initialization complete.
2019-10-25 09:38:54,956 - ResourceCache: initialized (class org.apache.velocity.runtime.resource.ResourceCacheImpl) with class java.util.Collections$SynchronizedMap cache map.
2019-10-25 09:38:54,956 - Default ResourceManager initialization complete.
2019-10-25 09:38:54,971 - Loaded System Directive: org.apache.velocity.runtime.directive.Stop
2019-10-25 09:38:54,973 - Loaded System Directive: org.apache.velocity.runtime.directive.Define
2019-10-25 09:38:54,974 - Loaded System Directive: org.apache.velocity.runtime.directive.Break
2019-10-25 09:38:54,979 - Loaded System Directive: org.apache.velocity.runtime.directive.Evaluate
2019-10-25 09:38:54,982 - Loaded System Directive: org.apache.velocity.runtime.directive.Literal
2019-10-25 09:38:54,986 - Loaded System Directive: org.apache.velocity.runtime.directive.Macro
2019-10-25 09:38:54,988 - Loaded System Directive: org.apache.velocity.runtime.directive.Parse
2019-10-25 09:38:54,990 - Loaded System Directive: org.apache.velocity.runtime.directive.Include
2019-10-25 09:38:54,991 - Loaded System Directive: org.apache.velocity.runtime.directive.Foreach
2019-10-25 09:38:55,016 - Created '20' parsers.
2019-10-25 09:38:55,019 - Velocimacro : initialization starting.
2019-10-25 09:38:55,019 - Velocimacro : "velocimacro.library" is not set.  Trying default library: VM_global_library.vm
2019-10-25 09:38:55,023 - Could not load resource 'VM_global_library.vm' from ResourceLoader org.apache.velocity.runtime.resource.loader.ClasspathResourceLoader: ClasspathResourceLoader Error: cannot find resource VM_global_library.vm
2019-10-25 09:38:55,023 - Velocimacro : Default library not found.
2019-10-25 09:38:55,024 - Velocimacro : allowInline = true : VMs can be defined inline in templates
2019-10-25 09:38:55,024 - Velocimacro : allowInlineToOverride = false : VMs defined inline may NOT replace previous VM definitions
2019-10-25 09:38:55,024 - Velocimacro : allowInlineLocal = false : VMs defined inline will be global in scope if allowed.
2019-10-25 09:38:55,024 - Velocimacro : autoload off : VM system will not automatically reload global library macros
2019-10-25 09:38:55,024 - Velocimacro : Velocimacro : initialization complete.
2019-10-25 09:38:55,024 - RuntimeInstance successfully initialized.
2019-10-25 09:38:55,049 - ResourceManager : found mailTemplates/userActivation.vm with loader org.apache.velocity.runtime.resource.loader.ClasspathResourceLoader
2019-10-25 10:26:25,894 - Log4JLogChute initialized using file 'velocity.log'
2019-10-25 10:26:25,895 - The version of log4j being used does not support the "trace" level.
2019-10-25 10:26:25,895 - Initializing Velocity, Calling init()...
2019-10-25 10:26:25,895 - *******************************************************************
2019-10-25 10:26:25,895 - Starting Apache Velocity v1.7 (compiled: 2010-11-19 12:14:37)
2019-10-25 10:26:25,895 - RuntimeInstance initializing.
2019-10-25 10:26:25,895 - Default Properties File: org\apache\velocity\runtime\defaults\velocity.properties
2019-10-25 10:26:25,895 - Trying to use logger class org.apache.velocity.runtime.log.AvalonLogChute
2019-10-25 10:26:25,895 - Target log system for org.apache.velocity.runtime.log.AvalonLogChute is not available (java.lang.NoClassDefFoundError: org/apache/log/Priority).  Falling back to next log system...
2019-10-25 10:26:25,895 - Trying to use logger class org.apache.velocity.runtime.log.Log4JLogChute
2019-10-25 10:26:25,895 - Using logger class org.apache.velocity.runtime.log.Log4JLogChute
2019-10-25 10:26:25,897 - Default ResourceManager initializing. (class org.apache.velocity.runtime.resource.ResourceManagerImpl)
2019-10-25 10:26:25,899 - ResourceLoader instantiated: org.apache.velocity.runtime.resource.loader.ClasspathResourceLoader
2019-10-25 10:26:25,900 - ClasspathResourceLoader : initialization complete.
2019-10-25 10:26:25,916 - ResourceCache: initialized (class org.apache.velocity.runtime.resource.ResourceCacheImpl) with class java.util.Collections$SynchronizedMap cache map.
2019-10-25 10:26:25,917 - Default ResourceManager initialization complete.
2019-10-25 10:26:25,920 - Loaded System Directive: org.apache.velocity.runtime.directive.Stop
2019-10-25 10:26:25,922 - Loaded System Directive: org.apache.velocity.runtime.directive.Define
2019-10-25 10:26:25,923 - Loaded System Directive: org.apache.velocity.runtime.directive.Break
2019-10-25 10:26:25,924 - Loaded System Directive: org.apache.velocity.runtime.directive.Evaluate
2019-10-25 10:26:25,925 - Loaded System Directive: org.apache.velocity.runtime.directive.Literal
2019-10-25 10:26:25,926 - Loaded System Directive: org.apache.velocity.runtime.directive.Macro
2019-10-25 10:26:25,931 - Loaded System Directive: org.apache.velocity.runtime.directive.Parse
2019-10-25 10:26:25,932 - Loaded System Directive: org.apache.velocity.runtime.directive.Include
2019-10-25 10:26:25,934 - Loaded System Directive: org.apache.velocity.runtime.directive.Foreach
2019-10-25 10:26:25,962 - Created '20' parsers.
2019-10-25 10:26:25,967 - Velocimacro : initialization starting.
2019-10-25 10:26:25,967 - Velocimacro : "velocimacro.library" is not set.  Trying default library: VM_global_library.vm
2019-10-25 10:26:25,975 - Could not load resource 'VM_global_library.vm' from ResourceLoader org.apache.velocity.runtime.resource.loader.ClasspathResourceLoader: ClasspathResourceLoader Error: cannot find resource VM_global_library.vm
2019-10-25 10:26:25,975 - Velocimacro : Default library not found.
2019-10-25 10:26:25,975 - Velocimacro : allowInline = true : VMs can be defined inline in templates
2019-10-25 10:26:25,975 - Velocimacro : allowInlineToOverride = false : VMs defined inline may NOT replace previous VM definitions
2019-10-25 10:26:25,975 - Velocimacro : allowInlineLocal = false : VMs defined inline will be global in scope if allowed.
2019-10-25 10:26:25,975 - Velocimacro : autoload off : VM system will not automatically reload global library macros
2019-10-25 10:26:25,975 - Velocimacro : Velocimacro : initialization complete.
2019-10-25 10:26:25,975 - RuntimeInstance successfully initialized.
2019-10-25 10:26:25,994 - ResourceManager : found mailTemplates/userActivation.vm with loader org.apache.velocity.runtime.resource.loader.ClasspathResourceLoader
2019-10-25 12:57:38,048 - Log4JLogChute initialized using file 'velocity.log'
2019-10-25 12:57:38,049 - The version of log4j being used does not support the "trace" level.
2019-10-25 12:57:38,049 - Initializing Velocity, Calling init()...
2019-10-25 12:57:38,049 - *******************************************************************
2019-10-25 12:57:38,049 - Starting Apache Velocity v1.7 (compiled: 2010-11-19 12:14:37)
2019-10-25 12:57:38,049 - RuntimeInstance initializing.
2019-10-25 12:57:38,049 - Default Properties File: org\apache\velocity\runtime\defaults\velocity.properties
2019-10-25 12:57:38,049 - Trying to use logger class org.apache.velocity.runtime.log.AvalonLogChute
2019-10-25 12:57:38,049 - Target log system for org.apache.velocity.runtime.log.AvalonLogChute is not available (java.lang.NoClassDefFoundError: org/apache/log/Priority).  Falling back to next log system...
2019-10-25 12:57:38,049 - Trying to use logger class org.apache.velocity.runtime.log.Log4JLogChute
2019-10-25 12:57:38,049 - Using logger class org.apache.velocity.runtime.log.Log4JLogChute
2019-10-25 12:57:38,052 - Default ResourceManager initializing. (class org.apache.velocity.runtime.resource.ResourceManagerImpl)
2019-10-25 12:57:38,061 - ResourceLoader instantiated: org.apache.velocity.runtime.resource.loader.ClasspathResourceLoader
2019-10-25 12:57:38,064 - ClasspathResourceLoader : initialization complete.
2019-10-25 12:57:38,081 - ResourceCache: initialized (class org.apache.velocity.runtime.resource.ResourceCacheImpl) with class java.util.Collections$SynchronizedMap cache map.
2019-10-25 12:57:38,081 - Default ResourceManager initialization complete.
2019-10-25 12:57:38,100 - Loaded System Directive: org.apache.velocity.runtime.directive.Stop
2019-10-25 12:57:38,105 - Loaded System Directive: org.apache.velocity.runtime.directive.Define
2019-10-25 12:57:38,109 - Loaded System Directive: org.apache.velocity.runtime.directive.Break
2019-10-25 12:57:38,112 - Loaded System Directive: org.apache.velocity.runtime.directive.Evaluate
2019-10-25 12:57:38,114 - Loaded System Directive: org.apache.velocity.runtime.directive.Literal
2019-10-25 12:57:38,115 - Loaded System Directive: org.apache.velocity.runtime.directive.Macro
2019-10-25 12:57:38,119 - Loaded System Directive: org.apache.velocity.runtime.directive.Parse
2019-10-25 12:57:38,121 - Loaded System Directive: org.apache.velocity.runtime.directive.Include
2019-10-25 12:57:38,125 - Loaded System Directive: org.apache.velocity.runtime.directive.Foreach
2019-10-25 12:57:38,160 - Created '20' parsers.
2019-10-25 12:57:38,165 - Velocimacro : initialization starting.
2019-10-25 12:57:38,165 - Velocimacro : "velocimacro.library" is not set.  Trying default library: VM_global_library.vm
2019-10-25 12:57:38,190 - Could not load resource 'VM_global_library.vm' from ResourceLoader org.apache.velocity.runtime.resource.loader.ClasspathResourceLoader: ClasspathResourceLoader Error: cannot find resource VM_global_library.vm
2019-10-25 12:57:38,190 - Velocimacro : Default library not found.
2019-10-25 12:57:38,190 - Velocimacro : allowInline = true : VMs can be defined inline in templates
2019-10-25 12:57:38,191 - Velocimacro : allowInlineToOverride = false : VMs defined inline may NOT replace previous VM definitions
2019-10-25 12:57:38,191 - Velocimacro : allowInlineLocal = false : VMs defined inline will be global in scope if allowed.
2019-10-25 12:57:38,191 - Velocimacro : autoload off : VM system will not automatically reload global library macros
2019-10-25 12:57:38,191 - Velocimacro : Velocimacro : initialization complete.
2019-10-25 12:57:38,191 - RuntimeInstance successfully initialized.
2019-10-25 12:57:38,228 - ResourceManager : found mailTemplates/documentRefused.vm with loader org.apache.velocity.runtime.resource.loader.ClasspathResourceLoader
2019-10-25 13:20:15,580 - Log4JLogChute initialized using file 'velocity.log'
2019-10-25 13:20:15,580 - The version of log4j being used does not support the "trace" level.
2019-10-25 13:20:15,581 - Initializing Velocity, Calling init()...
2019-10-25 13:20:15,581 - *******************************************************************
2019-10-25 13:20:15,581 - Starting Apache Velocity v1.7 (compiled: 2010-11-19 12:14:37)
2019-10-25 13:20:15,581 - RuntimeInstance initializing.
2019-10-25 13:20:15,581 - Default Properties File: org\apache\velocity\runtime\defaults\velocity.properties
2019-10-25 13:20:15,581 - Trying to use logger class org.apache.velocity.runtime.log.AvalonLogChute
2019-10-25 13:20:15,581 - Target log system for org.apache.velocity.runtime.log.AvalonLogChute is not available (java.lang.NoClassDefFoundError: org/apache/log/Priority).  Falling back to next log system...
2019-10-25 13:20:15,581 - Trying to use logger class org.apache.velocity.runtime.log.Log4JLogChute
2019-10-25 13:20:15,581 - Using logger class org.apache.velocity.runtime.log.Log4JLogChute
2019-10-25 13:20:15,583 - Default ResourceManager initializing. (class org.apache.velocity.runtime.resource.ResourceManagerImpl)
2019-10-25 13:20:15,584 - ResourceLoader instantiated: org.apache.velocity.runtime.resource.loader.ClasspathResourceLoader
2019-10-25 13:20:15,584 - ClasspathResourceLoader : initialization complete.
2019-10-25 13:20:15,588 - ResourceCache: initialized (class org.apache.velocity.runtime.resource.ResourceCacheImpl) with class java.util.Collections$SynchronizedMap cache map.
2019-10-25 13:20:15,588 - Default ResourceManager initialization complete.
2019-10-25 13:20:15,589 - Loaded System Directive: org.apache.velocity.runtime.directive.Stop
2019-10-25 13:20:15,589 - Loaded System Directive: org.apache.velocity.runtime.directive.Define
2019-10-25 13:20:15,590 - Loaded System Directive: org.apache.velocity.runtime.directive.Break
2019-10-25 13:20:15,590 - Loaded System Directive: org.apache.velocity.runtime.directive.Evaluate
2019-10-25 13:20:15,591 - Loaded System Directive: org.apache.velocity.runtime.directive.Literal
2019-10-25 13:20:15,591 - Loaded System Directive: org.apache.velocity.runtime.directive.Macro
2019-10-25 13:20:15,592 - Loaded System Directive: org.apache.velocity.runtime.directive.Parse
2019-10-25 13:20:15,592 - Loaded System Directive: org.apache.velocity.runtime.directive.Include
2019-10-25 13:20:15,592 - Loaded System Directive: org.apache.velocity.runtime.directive.Foreach
2019-10-25 13:20:15,601 - Created '20' parsers.
2019-10-25 13:20:15,603 - Velocimacro : initialization starting.
2019-10-25 13:20:15,603 - Velocimacro : "velocimacro.library" is not set.  Trying default library: VM_global_library.vm
2019-10-25 13:20:15,604 - Could not load resource 'VM_global_library.vm' from ResourceLoader org.apache.velocity.runtime.resource.loader.ClasspathResourceLoader: ClasspathResourceLoader Error: cannot find resource VM_global_library.vm
2019-10-25 13:20:15,604 - Velocimacro : Default library not found.
2019-10-25 13:20:15,604 - Velocimacro : allowInline = true : VMs can be defined inline in templates
2019-10-25 13:20:15,604 - Velocimacro : allowInlineToOverride = false : VMs defined inline may NOT replace previous VM definitions
2019-10-25 13:20:15,604 - Velocimacro : allowInlineLocal = false : VMs defined inline will be global in scope if allowed.
2019-10-25 13:20:15,604 - Velocimacro : autoload off : VM system will not automatically reload global library macros
2019-10-25 13:20:15,604 - Velocimacro : Velocimacro : initialization complete.
2019-10-25 13:20:15,604 - RuntimeInstance successfully initialized.
2019-10-25 13:20:15,612 - ResourceManager : found mailTemplates/documentRefused.vm with loader org.apache.velocity.runtime.resource.loader.ClasspathResourceLoader
2019-10-25 16:58:09,124 - Log4JLogChute initialized using file 'velocity.log'
2019-10-25 16:58:09,125 - The version of log4j being used does not support the "trace" level.
2019-10-25 16:58:09,126 - Initializing Velocity, Calling init()...
2019-10-25 16:58:09,126 - *******************************************************************
2019-10-25 16:58:09,126 - Starting Apache Velocity v1.7 (compiled: 2010-11-19 12:14:37)
2019-10-25 16:58:09,126 - RuntimeInstance initializing.
2019-10-25 16:58:09,126 - Default Properties File: org\apache\velocity\runtime\defaults\velocity.properties
2019-10-25 16:58:09,126 - Trying to use logger class org.apache.velocity.runtime.log.AvalonLogChute
2019-10-25 16:58:09,126 - Target log system for org.apache.velocity.runtime.log.AvalonLogChute is not available (java.lang.NoClassDefFoundError: org/apache/log/Priority).  Falling back to next log system...
2019-10-25 16:58:09,126 - Trying to use logger class org.apache.velocity.runtime.log.Log4JLogChute
2019-10-25 16:58:09,126 - Using logger class org.apache.velocity.runtime.log.Log4JLogChute
2019-10-25 16:58:09,130 - Default ResourceManager initializing. (class org.apache.velocity.runtime.resource.ResourceManagerImpl)
2019-10-25 16:58:09,134 - ResourceLoader instantiated: org.apache.velocity.runtime.resource.loader.ClasspathResourceLoader
2019-10-25 16:58:09,136 - ClasspathResourceLoader : initialization complete.
2019-10-25 16:58:09,145 - ResourceCache: initialized (class org.apache.velocity.runtime.resource.ResourceCacheImpl) with class java.util.Collections$SynchronizedMap cache map.
2019-10-25 16:58:09,145 - Default ResourceManager initialization complete.
2019-10-25 16:58:09,149 - Loaded System Directive: org.apache.velocity.runtime.directive.Stop
2019-10-25 16:58:09,152 - Loaded System Directive: org.apache.velocity.runtime.directive.Define
2019-10-25 16:58:09,154 - Loaded System Directive: org.apache.velocity.runtime.directive.Break
2019-10-25 16:58:09,156 - Loaded System Directive: org.apache.velocity.runtime.directive.Evaluate
2019-10-25 16:58:09,158 - Loaded System Directive: org.apache.velocity.runtime.directive.Literal
2019-10-25 16:58:09,158 - Loaded System Directive: org.apache.velocity.runtime.directive.Macro
2019-10-25 16:58:09,159 - Loaded System Directive: org.apache.velocity.runtime.directive.Parse
2019-10-25 16:58:09,160 - Loaded System Directive: org.apache.velocity.runtime.directive.Include
2019-10-25 16:58:09,161 - Loaded System Directive: org.apache.velocity.runtime.directive.Foreach
2019-10-25 16:58:09,179 - Created '20' parsers.
2019-10-25 16:58:09,184 - Velocimacro : initialization starting.
2019-10-25 16:58:09,184 - Velocimacro : "velocimacro.library" is not set.  Trying default library: VM_global_library.vm
2019-10-25 16:58:09,189 - Could not load resource 'VM_global_library.vm' from ResourceLoader org.apache.velocity.runtime.resource.loader.ClasspathResourceLoader: ClasspathResourceLoader Error: cannot find resource VM_global_library.vm
2019-10-25 16:58:09,190 - Velocimacro : Default library not found.
2019-10-25 16:58:09,190 - Velocimacro : allowInline = true : VMs can be defined inline in templates
2019-10-25 16:58:09,191 - Velocimacro : allowInlineToOverride = false : VMs defined inline may NOT replace previous VM definitions
2019-10-25 16:58:09,191 - Velocimacro : allowInlineLocal = false : VMs defined inline will be global in scope if allowed.
2019-10-25 16:58:09,191 - Velocimacro : autoload off : VM system will not automatically reload global library macros
2019-10-25 16:58:09,191 - Velocimacro : Velocimacro : initialization complete.
2019-10-25 16:58:09,191 - RuntimeInstance successfully initialized.
2019-10-25 16:58:09,219 - ResourceManager : found mailTemplates/userActivation.vm with loader org.apache.velocity.runtime.resource.loader.ClasspathResourceLoader
2019-10-25 17:50:44,571 - Log4JLogChute initialized using file 'velocity.log'
2019-10-25 17:50:44,571 - The version of log4j being used does not support the "trace" level.
2019-10-25 17:50:44,571 - Initializing Velocity, Calling init()...
2019-10-25 17:50:44,571 - *******************************************************************
2019-10-25 17:50:44,571 - Starting Apache Velocity v1.7 (compiled: 2010-11-19 12:14:37)
2019-10-25 17:50:44,571 - RuntimeInstance initializing.
2019-10-25 17:50:44,571 - Default Properties File: org\apache\velocity\runtime\defaults\velocity.properties
2019-10-25 17:50:44,571 - Trying to use logger class org.apache.velocity.runtime.log.AvalonLogChute
2019-10-25 17:50:44,571 - Target log system for org.apache.velocity.runtime.log.AvalonLogChute is not available (java.lang.NoClassDefFoundError: org/apache/log/Priority).  Falling back to next log system...
2019-10-25 17:50:44,572 - Trying to use logger class org.apache.velocity.runtime.log.Log4JLogChute
2019-10-25 17:50:44,572 - Using logger class org.apache.velocity.runtime.log.Log4JLogChute
2019-10-25 17:50:44,572 - Default ResourceManager initializing. (class org.apache.velocity.runtime.resource.ResourceManagerImpl)
2019-10-25 17:50:44,574 - ResourceLoader instantiated: org.apache.velocity.runtime.resource.loader.ClasspathResourceLoader
2019-10-25 17:50:44,575 - ClasspathResourceLoader : initialization complete.
2019-10-25 17:50:44,579 - ResourceCache: initialized (class org.apache.velocity.runtime.resource.ResourceCacheImpl) with class java.util.Collections$SynchronizedMap cache map.
2019-10-25 17:50:44,579 - Default ResourceManager initialization complete.
2019-10-25 17:50:44,587 - Loaded System Directive: org.apache.velocity.runtime.directive.Stop
2019-10-25 17:50:44,590 - Loaded System Directive: org.apache.velocity.runtime.directive.Define
2019-10-25 17:50:44,591 - Loaded System Directive: org.apache.velocity.runtime.directive.Break
2019-10-25 17:50:44,591 - Loaded System Directive: org.apache.velocity.runtime.directive.Evaluate
2019-10-25 17:50:44,592 - Loaded System Directive: org.apache.velocity.runtime.directive.Literal
2019-10-25 17:50:44,593 - Loaded System Directive: org.apache.velocity.runtime.directive.Macro
2019-10-25 17:50:44,594 - Loaded System Directive: org.apache.velocity.runtime.directive.Parse
2019-10-25 17:50:44,595 - Loaded System Directive: org.apache.velocity.runtime.directive.Include
2019-10-25 17:50:44,596 - Loaded System Directive: org.apache.velocity.runtime.directive.Foreach
2019-10-25 17:50:44,624 - Created '20' parsers.
2019-10-25 17:50:44,627 - Velocimacro : initialization starting.
2019-10-25 17:50:44,627 - Velocimacro : "velocimacro.library" is not set.  Trying default library: VM_global_library.vm
2019-10-25 17:50:44,630 - Could not load resource 'VM_global_library.vm' from ResourceLoader org.apache.velocity.runtime.resource.loader.ClasspathResourceLoader: ClasspathResourceLoader Error: cannot find resource VM_global_library.vm
2019-10-25 17:50:44,630 - Velocimacro : Default library not found.
2019-10-25 17:50:44,630 - Velocimacro : allowInline = true : VMs can be defined inline in templates
2019-10-25 17:50:44,630 - Velocimacro : allowInlineToOverride = false : VMs defined inline may NOT replace previous VM definitions
2019-10-25 17:50:44,630 - Velocimacro : allowInlineLocal = false : VMs defined inline will be global in scope if allowed.
2019-10-25 17:50:44,630 - Velocimacro : autoload off : VM system will not automatically reload global library macros
2019-10-25 17:50:44,630 - Velocimacro : Velocimacro : initialization complete.
2019-10-25 17:50:44,630 - RuntimeInstance successfully initialized.
2019-10-25 17:50:44,647 - ResourceManager : found mailTemplates/userActivation.vm with loader org.apache.velocity.runtime.resource.loader.ClasspathResourceLoader
